This is LuaHBTeX, Version 1.21.0 (MiKTeX 25.3) (format=lualatex 2025.3.28)  31 MAR 2025 23:44
 restricted system commands enabled.
 file:line:error style messages enabled.
**c:/Users/Anthony/OneDrive/Escritorio/projects/HuahCoders/estructuras/estructu
ras.tex

(c:/Users/Anthony/OneDrive/Escritorio/projects/HuahCoders/estructuras/estructur
as.tex
LaTeX2e <2024-11-01> patch level 2
L3 programming layer <2025-01-18>
Lua module: luaotfload 2024-12-03 v3.29 Lua based OpenType font support
Lua module: lualibs 2023-07-13 v2.76 ConTeXt Lua standard libraries.
Lua module: lualibs-extended 2023-07-13 v2.76 ConTeXt Lua libraries -- extended 
collection.
luaotfload | conf : Root cache directory is "C:/Users/Anthony/AppData/Local/MiKT
eX/luatex-cache/generic/names".
luaotfload | init : Loading fontloader "fontloader-2023-12-28.lua" from kpse-res
olved path "C:/Users/Anthony/AppData/Local/Programs/MiKTeX/tex/luatex/luaotfload
/fontloader-2023-12-28.lua".
Lua-only attribute luaotfload@noligature = 1
luaotfload | init : Context OpenType loader version 3.134
Inserting `luaotfload.node_processor' in `pre_linebreak_filter'.
Inserting `luaotfload.node_processor' in `hpack_filter'.
Inserting `luaotfload.glyph_stream' in `glyph_stream_provider'.
Inserting `luaotfload.define_font' in `define_font'.
Lua-only attribute luaotfload_color_attribute = 2
luaotfload | conf : Root cache directory is "C:/Users/Anthony/AppData/Local/MiKT
eX/luatex-cache/generic/names".
Inserting `luaotfload.harf.strip_prefix' in `find_opentype_file'.
Inserting `luaotfload.harf.strip_prefix' in `find_truetype_file'.
Removing  `luaotfload.glyph_stream' from `glyph_stream_provider'.
Inserting `luaotfload.harf.glyphstream' in `glyph_stream_provider'.
Inserting `luaotfload.harf.finalize_vlist' in `post_linebreak_filter'.
Inserting `luaotfload.harf.finalize_hlist' in `hpack_filter'.
Inserting `luaotfload.cleanup_files' in `wrapup_run'.
Inserting `luaotfload.harf.finalize_unicode' in `finish_pdffile'.
Inserting `luaotfload.glyphinfo' in `glyph_info'.
Lua-only attribute luaotfload.letterspace_done = 3
Inserting `luaotfload.aux.set_sscale_dimens' in `luaotfload.patch_font'.
Inserting `luaotfload.aux.set_font_index' in `luaotfload.patch_font'.
Inserting `luaotfload.aux.patch_cambria_domh' in `luaotfload.patch_font'.
Inserting `luaotfload.aux.fixup_fontdata' in `luaotfload.patch_font_unsafe'.
Inserting `luaotfload.aux.set_capheight' in `luaotfload.patch_font'.
Inserting `luaotfload.aux.set_xheight' in `luaotfload.patch_font'.
Inserting `luaotfload.rewrite_fontname' in `luaotfload.patch_font'.
Inserting `tracingstacklevels' in `input_level_string'.
c:/Users/Anthony/OneDrive/Escritorio/projects/HuahCoders/estructuras/estructuras
.tex:2: Undefined control sequence.
l.2 \section
            {Estructuras de Datos}
The control sequence at the end of the top line
of your error message was never \def'ed. If you have
misspelled it (e.g., `\hobx'), type `I' and the correct
spelling (e.g., `I\hbox'). Otherwise just continue,
and I'll forget about whatever was undefined.


c:/Users/Anthony/OneDrive/Escritorio/projects/HuahCoders/estructuras/estructuras
.tex:2: LaTeX Error: Missing \begin{document}.

See the LaTeX manual or LaTeX Companion for explanation.
Type  H <return>  for immediate help.
 ...                                              
                                                  
l.2 \section{E
              structuras de Datos}
You're in trouble here.  Try typing  <return>  to proceed.
If that doesn't work, type  X <return>  to quit.


Overfull \hbox (20.0pt too wide) in paragraph at lines 2--3
[]Estructuras
 []

c:/Users/Anthony/OneDrive/Escritorio/projects/HuahCoders/estructuras/estructuras
.tex:4: Undefined control sequence.
l.4 \subsection
               {Segment Tree}
The control sequence at the end of the top line
of your error message was never \def'ed. If you have
misspelled it (e.g., `\hobx'), type `I' and the correct
spelling (e.g., `I\hbox'). Otherwise just continue,
and I'll forget about whatever was undefined.


c:/Users/Anthony/OneDrive/Escritorio/projects/HuahCoders/estructuras/estructuras
.tex:4: LaTeX Error: Missing \begin{document}.

See the LaTeX manual or LaTeX Companion for explanation.
Type  H <return>  for immediate help.
 ...                                              
                                                  
l.4 \subsection{S
                 egment Tree}
You're in trouble here.  Try typing  <return>  to proceed.
If that doesn't work, type  X <return>  to quit.

c:/Users/Anthony/OneDrive/Escritorio/projects/HuahCoders/estructuras/estructuras
.tex:5: Undefined control sequence.
l.5 \lstinputlisting
                    [language=C++]{segment_tree.cpp}
The control sequence at the end of the top line
of your error message was never \def'ed. If you have
misspelled it (e.g., `\hobx'), type `I' and the correct
spelling (e.g., `I\hbox'). Otherwise just continue,
and I'll forget about whatever was undefined.

c:/Users/Anthony/OneDrive/Escritorio/projects/HuahCoders/estructuras/estructuras
.tex:5: Missing $ inserted.
<inserted text> 
                $
l.5 \lstinputlisting[language=C++]{segment_
                                           tree.cpp}
I've inserted a begin-math/end-math symbol since I think
you left one out. Proceed, with fingers crossed.

LaTeX Font Info:    External font `cmex10' loaded for size
(Font)              <7> on input line 5.
LaTeX Font Info:    External font `cmex10' loaded for size
(Font)              <5> on input line 5.
c:/Users/Anthony/OneDrive/Escritorio/projects/HuahCoders/estructuras/estructuras
.tex:5: Extra }, or forgotten $.
l.5 ...nputlisting[language=C++]{segment_tree.cpp}
                                                  
I've deleted a group-closing symbol because it seems to be
spurious, as in `$x}$'. But perhaps the } is legitimate and
you forgot something else, as in `\hbox{$x}'. In such cases
the way to recover is to insert both the forgotten and the
deleted material, e.g., by typing `I$}'.

)
! Emergency stop.
<*> ...ects/HuahCoders/estructuras/estructuras.tex
                                                  
*** (job aborted, no legal \end found)



Here is how much of LuaTeX's memory you used:
 20 strings out of 475506
 100000,552014 words of node,token memory allocated 914 words of node memory still in use:
   5 hlist, 2 local_par, 2 dir, 11 glue, 3 kern, 2 penalty, 8 noad, 8 math_char,
 1 sub_mlist, 51 glyph, 9 attribute, 39 glue_spec, 9 attribute_list, 2 temp node
s
   avail lists: 2:8,4:2,5:1,10:1
 23145 multiletter control sequences out of 65536+600000
 24 fonts using 1213367 bytes
 18i,1n,20p,149b,60s stack positions out of 10000i,1000n,20000p,200000b,200000s
!  ==> Fatal error occurred, no output PDF file produced!
